<?xml version="1.0" encoding="UTF-8"?>
<testng-results ignored="0" total="1" passed="1" failed="0" skipped="0">
  <reporter-output>
  </reporter-output>
  <suite started-at="2021-03-31T11:52:33 PDT" name="Default suite" finished-at="2021-03-31T11:52:42 PDT" duration-ms="8680">
    <groups>
    </groups>
    <test started-at="2021-03-31T11:52:33 PDT" name="Default test" finished-at="2021-03-31T11:52:42 PDT" duration-ms="8680">
      <class name="com.Amazon.Stream.WaitTest">
        <test-method signature="validateWait()[pri:0, instance:com.Amazon.Stream.WaitTest@1c93084c]" started-at="2021-03-31T11:52:33 PDT" name="validateWait" finished-at="2021-03-31T11:52:42 PDT" duration-ms="8640" status="PASS">
          <reporter-output>
          </reporter-output>
        </test-method> <!-- validateWait -->
      </class> <!-- com.Amazon.Stream.WaitTest -->
    </test> <!-- Default test -->
  </suite> <!-- Default suite -->
</testng-results>
