<?xml version="1.0" encoding="UTF-8"?>
<!-- Generated by org.testng.reporters.JUnitXMLReporter -->
<testsuite ignored="0" hostname="cskpcloudwn3819" failures="1" tests="2" name="Test(failed)" time="13.904" errors="0" timestamp="2021-03-31T07:30:51 PDT">
  <testcase classname="com.Amazon.Stream.WindowHandle" name="validateWindows" time="7.992">
    <failure type="java.lang.AssertionError" message="expected [Amazon.com: Online Shopping for Electronics, Apparel, Computers, Books, DVDs &amp;amp; more] but found [Amazon]">
      <![CDATA[java.lang.AssertionError: expected [Amazon.com: Online Shopping for Electronics, Apparel, Computers, Books, DVDs & more] but found [Amazon]
at com.Amazon.Stream.WindowHandle.validateWindows(WindowHandle.java:39)
at java.base/java.util.concurrent.ThreadPoolExecutor.runWorker(ThreadPoolExecutor.java:1128)
at java.base/java.util.concurrent.ThreadPoolExecutor$Worker.run(ThreadPoolExecutor.java:628)
at java.base/java.lang.Thread.run(Thread.java:835)
... Removed 18 stack frames]]>
    </failure>
  </testcase> <!-- validateWindows -->
  <testcase classname="com.Amazon.Stream.Validate_GoogleDropDown" name="validateGoogleDrpDwnByLamda" time="13.841"/>
</testsuite> <!-- Test(failed) -->
